[0.153s] Invoking command in '/home/sezer/CONSOLE/ros2_console/src/my_python_pkg': PYTHONPATH=/home/sezer/CONSOLE/ros2_console/install/my_python_pkg/lib/python3.8/site-packages:${PYTHONPATH} /usr/bin/python3 setup.py egg_info --egg-base ../../build/my_python_pkg build --build-base /home/sezer/CONSOLE/ros2_console/build/my_python_pkg/build install --prefix /home/sezer/CONSOLE/ros2_console/install/my_python_pkg --record /home/sezer/CONSOLE/ros2_console/build/my_python_pkg/install.log --single-version-externally-managed
[0.289s] running egg_info
[0.289s] creating ../../build/my_python_pkg/my_python_pkg.egg-info
[0.289s] writing ../../build/my_python_pkg/my_python_pkg.egg-info/PKG-INFO
[0.289s] writing dependency_links to ../../build/my_python_pkg/my_python_pkg.egg-info/dependency_links.txt
[0.290s] writing entry points to ../../build/my_python_pkg/my_python_pkg.egg-info/entry_points.txt
[0.290s] writing requirements to ../../build/my_python_pkg/my_python_pkg.egg-info/requires.txt
[0.290s] writing top-level names to ../../build/my_python_pkg/my_python_pkg.egg-info/top_level.txt
[0.293s] writing manifest file '../../build/my_python_pkg/my_python_pkg.egg-info/SOURCES.txt'
[0.317s] reading manifest file '../../build/my_python_pkg/my_python_pkg.egg-info/SOURCES.txt'
[0.318s] writing manifest file '../../build/my_python_pkg/my_python_pkg.egg-info/SOURCES.txt'
[0.318s] running build
[0.318s] running build_py
[0.318s] creating /home/sezer/CONSOLE/ros2_console/build/my_python_pkg/build
[0.318s] creating /home/sezer/CONSOLE/ros2_console/build/my_python_pkg/build/lib
[0.318s] creating /home/sezer/CONSOLE/ros2_console/build/my_python_pkg/build/lib/my_python_pkg
[0.319s] copying my_python_pkg/__init__.py -> /home/sezer/CONSOLE/ros2_console/build/my_python_pkg/build/lib/my_python_pkg
[0.319s] running install
[0.319s] running install_lib
[0.320s] creating /home/sezer/CONSOLE/ros2_console/install/my_python_pkg/lib/python3.8/site-packages/my_python_pkg
[0.320s] copying /home/sezer/CONSOLE/ros2_console/build/my_python_pkg/build/lib/my_python_pkg/__init__.py -> /home/sezer/CONSOLE/ros2_console/install/my_python_pkg/lib/python3.8/site-packages/my_python_pkg
[0.320s] byte-compiling /home/sezer/CONSOLE/ros2_console/install/my_python_pkg/lib/python3.8/site-packages/my_python_pkg/__init__.py to __init__.cpython-38.pyc
[0.321s] running install_data
[0.321s] creating /home/sezer/CONSOLE/ros2_console/install/my_python_pkg/share/ament_index
[0.321s] creating /home/sezer/CONSOLE/ros2_console/install/my_python_pkg/share/ament_index/resource_index
[0.322s] creating /home/sezer/CONSOLE/ros2_console/install/my_python_pkg/share/ament_index/resource_index/packages
[0.322s] copying resource/my_python_pkg -> /home/sezer/CONSOLE/ros2_console/install/my_python_pkg/share/ament_index/resource_index/packages
[0.322s] copying package.xml -> /home/sezer/CONSOLE/ros2_console/install/my_python_pkg/share/my_python_pkg
[0.322s] running install_egg_info
[0.323s] Copying ../../build/my_python_pkg/my_python_pkg.egg-info to /home/sezer/CONSOLE/ros2_console/install/my_python_pkg/lib/python3.8/site-packages/my_python_pkg-0.0.0-py3.8.egg-info
[0.323s] running install_scripts
[0.336s] writing list of installed files to '/home/sezer/CONSOLE/ros2_console/build/my_python_pkg/install.log'
[0.348s] Invoked command in '/home/sezer/CONSOLE/ros2_console/src/my_python_pkg' returned '0': PYTHONPATH=/home/sezer/CONSOLE/ros2_console/install/my_python_pkg/lib/python3.8/site-packages:${PYTHONPATH} /usr/bin/python3 setup.py egg_info --egg-base ../../build/my_python_pkg build --build-base /home/sezer/CONSOLE/ros2_console/build/my_python_pkg/build install --prefix /home/sezer/CONSOLE/ros2_console/install/my_python_pkg --record /home/sezer/CONSOLE/ros2_console/build/my_python_pkg/install.log --single-version-externally-managed
