[0.479s] Invoking command in '/home/sezer/CONSOLE/ros2_console/build/fener_console': PYTHONPATH=/home/sezer/CONSOLE/ros2_console/install/fener_console/lib/python3.8/site-packages:${PYTHONPATH} /usr/bin/python3 setup.py develop --prefix /home/sezer/CONSOLE/ros2_console/install/fener_console --uninstall --editable --build-directory /home/sezer/CONSOLE/ros2_console/build/fener_console/build
[0.637s] running develop
[0.739s] Removing /home/sezer/CONSOLE/ros2_console/install/fener_console/lib/python3.8/site-packages/fener-console.egg-link (link to .)
[0.752s] Invoked command in '/home/sezer/CONSOLE/ros2_console/build/fener_console' returned '0': PYTHONPATH=/home/sezer/CONSOLE/ros2_console/install/fener_console/lib/python3.8/site-packages:${PYTHONPATH} /usr/bin/python3 setup.py develop --prefix /home/sezer/CONSOLE/ros2_console/install/fener_console --uninstall --editable --build-directory /home/sezer/CONSOLE/ros2_console/build/fener_console/build
[0.752s] Invoking command in '/home/sezer/CONSOLE/ros2_console/src/fener_console': PYTHONPATH=/home/sezer/CONSOLE/ros2_console/install/fener_console/lib/python3.8/site-packages:${PYTHONPATH} /usr/bin/python3 setup.py egg_info --egg-base ../../build/fener_console build --build-base /home/sezer/CONSOLE/ros2_console/build/fener_console/build install --prefix /home/sezer/CONSOLE/ros2_console/install/fener_console --record /home/sezer/CONSOLE/ros2_console/build/fener_console/install.log --single-version-externally-managed
[0.899s] running egg_info
[0.900s] writing ../../build/fener_console/fener_console.egg-info/PKG-INFO
[0.900s] writing dependency_links to ../../build/fener_console/fener_console.egg-info/dependency_links.txt
[0.900s] writing entry points to ../../build/fener_console/fener_console.egg-info/entry_points.txt
[0.900s] writing requirements to ../../build/fener_console/fener_console.egg-info/requires.txt
[0.900s] writing top-level names to ../../build/fener_console/fener_console.egg-info/top_level.txt
[0.923s] reading manifest file '../../build/fener_console/fener_console.egg-info/SOURCES.txt'
[0.923s] writing manifest file '../../build/fener_console/fener_console.egg-info/SOURCES.txt'
[0.923s] running build
[0.924s] running build_py
[0.924s] copying fener_console/bno055_lidar_vis.py -> /home/sezer/CONSOLE/ros2_console/build/fener_console/build/lib/fener_console
[0.924s] copying fener_console/webcam_publisher.py -> /home/sezer/CONSOLE/ros2_console/build/fener_console/build/lib/fener_console
[0.924s] copying fener_console/driver_keyboard.py -> /home/sezer/CONSOLE/ros2_console/build/fener_console/build/lib/fener_console
[0.924s] running install
[0.924s] running install_lib
[0.925s] creating /home/sezer/CONSOLE/ros2_console/install/fener_console/lib/python3.8/site-packages/fener_console
[0.925s] copying /home/sezer/CONSOLE/ros2_console/build/fener_console/build/lib/fener_console/bno055_lidar_vis.py -> /home/sezer/CONSOLE/ros2_console/install/fener_console/lib/python3.8/site-packages/fener_console
[0.925s] copying /home/sezer/CONSOLE/ros2_console/build/fener_console/build/lib/fener_console/webcam_publisher.py -> /home/sezer/CONSOLE/ros2_console/install/fener_console/lib/python3.8/site-packages/fener_console
[0.925s] copying /home/sezer/CONSOLE/ros2_console/build/fener_console/build/lib/fener_console/__init__.py -> /home/sezer/CONSOLE/ros2_console/install/fener_console/lib/python3.8/site-packages/fener_console
[0.925s] copying /home/sezer/CONSOLE/ros2_console/build/fener_console/build/lib/fener_console/driver_keyboard.py -> /home/sezer/CONSOLE/ros2_console/install/fener_console/lib/python3.8/site-packages/fener_console
[0.925s] byte-compiling /home/sezer/CONSOLE/ros2_console/install/fener_console/lib/python3.8/site-packages/fener_console/bno055_lidar_vis.py to bno055_lidar_vis.cpython-38.pyc
[0.927s] byte-compiling /home/sezer/CONSOLE/ros2_console/install/fener_console/lib/python3.8/site-packages/fener_console/webcam_publisher.py to webcam_publisher.cpython-38.pyc
[0.927s] byte-compiling /home/sezer/CONSOLE/ros2_console/install/fener_console/lib/python3.8/site-packages/fener_console/__init__.py to __init__.cpython-38.pyc
[0.927s] byte-compiling /home/sezer/CONSOLE/ros2_console/install/fener_console/lib/python3.8/site-packages/fener_console/driver_keyboard.py to driver_keyboard.cpython-38.pyc
[0.928s] running install_data
[0.928s] running install_egg_info
[0.929s] Copying ../../build/fener_console/fener_console.egg-info to /home/sezer/CONSOLE/ros2_console/install/fener_console/lib/python3.8/site-packages/fener_console-0.0.0-py3.8.egg-info
[0.930s] running install_scripts
[0.941s] Installing driver_keyboard script to /home/sezer/CONSOLE/ros2_console/install/fener_console/lib/fener_console
[0.941s] Installing sensor_vis script to /home/sezer/CONSOLE/ros2_console/install/fener_console/lib/fener_console
[0.941s] Installing webcam script to /home/sezer/CONSOLE/ros2_console/install/fener_console/lib/fener_console
[0.941s] writing list of installed files to '/home/sezer/CONSOLE/ros2_console/build/fener_console/install.log'
[0.953s] Invoked command in '/home/sezer/CONSOLE/ros2_console/src/fener_console' returned '0': PYTHONPATH=/home/sezer/CONSOLE/ros2_console/install/fener_console/lib/python3.8/site-packages:${PYTHONPATH} /usr/bin/python3 setup.py egg_info --egg-base ../../build/fener_console build --build-base /home/sezer/CONSOLE/ros2_console/build/fener_console/build install --prefix /home/sezer/CONSOLE/ros2_console/install/fener_console --record /home/sezer/CONSOLE/ros2_console/build/fener_console/install.log --single-version-externally-managed
