running egg_info
creating ../../build/fener_console/fener_console.egg-info
writing ../../build/fener_console/fener_console.egg-info/PKG-INFO
writing dependency_links to ../../build/fener_console/fener_console.egg-info/dependency_links.txt
writing entry points to ../../build/fener_console/fener_console.egg-info/entry_points.txt
writing requirements to ../../build/fener_console/fener_console.egg-info/requires.txt
writing top-level names to ../../build/fener_console/fener_console.egg-info/top_level.txt
writing manifest file '../../build/fener_console/fener_console.egg-info/SOURCES.txt'
reading manifest file '../../build/fener_console/fener_console.egg-info/SOURCES.txt'
writing manifest file '../../build/fener_console/fener_console.egg-info/SOURCES.txt'
running build
running build_py
creating /home/sezer/CONSOLE/ros2_console/build/fener_console/build
creating /home/sezer/CONSOLE/ros2_console/build/fener_console/build/lib
creating /home/sezer/CONSOLE/ros2_console/build/fener_console/build/lib/fener_console
copying fener_console/__init__.py -> /home/sezer/CONSOLE/ros2_console/build/fener_console/build/lib/fener_console
running install
running install_lib
creating /home/sezer/CONSOLE/ros2_console/install/fener_console/lib/python3.8/site-packages/fener_console
copying /home/sezer/CONSOLE/ros2_console/build/fener_console/build/lib/fener_console/__init__.py -> /home/sezer/CONSOLE/ros2_console/install/fener_console/lib/python3.8/site-packages/fener_console
byte-compiling /home/sezer/CONSOLE/ros2_console/install/fener_console/lib/python3.8/site-packages/fener_console/__init__.py to __init__.cpython-38.pyc
running install_data
creating /home/sezer/CONSOLE/ros2_console/install/fener_console/share/ament_index
creating /home/sezer/CONSOLE/ros2_console/install/fener_console/share/ament_index/resource_index
creating /home/sezer/CONSOLE/ros2_console/install/fener_console/share/ament_index/resource_index/packages
copying resource/fener_console -> /home/sezer/CONSOLE/ros2_console/install/fener_console/share/ament_index/resource_index/packages
copying package.xml -> /home/sezer/CONSOLE/ros2_console/install/fener_console/share/fener_console
running install_egg_info
Copying ../../build/fener_console/fener_console.egg-info to /home/sezer/CONSOLE/ros2_console/install/fener_console/lib/python3.8/site-packages/fener_console-0.0.0-py3.8.egg-info
running install_scripts
writing list of installed files to '/home/sezer/CONSOLE/ros2_console/build/fener_console/install.log'
