[0.150s] Invoking command in '/home/sezer/CONSOLE/ros2_console/src/fener_console': PYTHONPATH=/home/sezer/CONSOLE/ros2_console/install/fener_console/lib/python3.8/site-packages:${PYTHONPATH} /usr/bin/python3 setup.py egg_info --egg-base ../../build/fener_console build --build-base /home/sezer/CONSOLE/ros2_console/build/fener_console/build install --prefix /home/sezer/CONSOLE/ros2_console/install/fener_console --record /home/sezer/CONSOLE/ros2_console/build/fener_console/install.log --single-version-externally-managed
[0.280s] running egg_info
[0.280s] creating ../../build/fener_console/fener_console.egg-info
[0.280s] writing ../../build/fener_console/fener_console.egg-info/PKG-INFO
[0.281s] writing dependency_links to ../../build/fener_console/fener_console.egg-info/dependency_links.txt
[0.281s] writing entry points to ../../build/fener_console/fener_console.egg-info/entry_points.txt
[0.281s] writing requirements to ../../build/fener_console/fener_console.egg-info/requires.txt
[0.281s] writing top-level names to ../../build/fener_console/fener_console.egg-info/top_level.txt
[0.281s] writing manifest file '../../build/fener_console/fener_console.egg-info/SOURCES.txt'
[0.302s] reading manifest file '../../build/fener_console/fener_console.egg-info/SOURCES.txt'
[0.303s] writing manifest file '../../build/fener_console/fener_console.egg-info/SOURCES.txt'
[0.303s] running build
[0.303s] running build_py
[0.303s] creating /home/sezer/CONSOLE/ros2_console/build/fener_console/build
[0.303s] creating /home/sezer/CONSOLE/ros2_console/build/fener_console/build/lib
[0.303s] creating /home/sezer/CONSOLE/ros2_console/build/fener_console/build/lib/fener_console
[0.303s] copying fener_console/__init__.py -> /home/sezer/CONSOLE/ros2_console/build/fener_console/build/lib/fener_console
[0.304s] running install
[0.304s] running install_lib
[0.304s] creating /home/sezer/CONSOLE/ros2_console/install/fener_console/lib/python3.8/site-packages/fener_console
[0.304s] copying /home/sezer/CONSOLE/ros2_console/build/fener_console/build/lib/fener_console/__init__.py -> /home/sezer/CONSOLE/ros2_console/install/fener_console/lib/python3.8/site-packages/fener_console
[0.305s] byte-compiling /home/sezer/CONSOLE/ros2_console/install/fener_console/lib/python3.8/site-packages/fener_console/__init__.py to __init__.cpython-38.pyc
[0.305s] running install_data
[0.306s] creating /home/sezer/CONSOLE/ros2_console/install/fener_console/share/ament_index
[0.306s] creating /home/sezer/CONSOLE/ros2_console/install/fener_console/share/ament_index/resource_index
[0.306s] creating /home/sezer/CONSOLE/ros2_console/install/fener_console/share/ament_index/resource_index/packages
[0.306s] copying resource/fener_console -> /home/sezer/CONSOLE/ros2_console/install/fener_console/share/ament_index/resource_index/packages
[0.306s] copying package.xml -> /home/sezer/CONSOLE/ros2_console/install/fener_console/share/fener_console
[0.306s] running install_egg_info
[0.307s] Copying ../../build/fener_console/fener_console.egg-info to /home/sezer/CONSOLE/ros2_console/install/fener_console/lib/python3.8/site-packages/fener_console-0.0.0-py3.8.egg-info
[0.307s] running install_scripts
[0.317s] writing list of installed files to '/home/sezer/CONSOLE/ros2_console/build/fener_console/install.log'
[0.329s] Invoked command in '/home/sezer/CONSOLE/ros2_console/src/fener_console' returned '0': PYTHONPATH=/home/sezer/CONSOLE/ros2_console/install/fener_console/lib/python3.8/site-packages:${PYTHONPATH} /usr/bin/python3 setup.py egg_info --egg-base ../../build/fener_console build --build-base /home/sezer/CONSOLE/ros2_console/build/fener_console/build install --prefix /home/sezer/CONSOLE/ros2_console/install/fener_console --record /home/sezer/CONSOLE/ros2_console/build/fener_console/install.log --single-version-externally-managed
