[0.093s] DEBUG:colcon:Command line arguments: ['/usr/bin/colcon', 'build', '--symlink-install', '--allow-overriding', 'fener_console']
[0.093s] DEBUG:colcon:Parsed command line arguments: Namespace(allow_overriding=['fener_console'], ament_cmake_args=None, base_paths=['.'], build_base='build', catkin_cmake_args=None, catkin_skip_building_tests=False, cmake_args=None, cmake_clean_cache=False, cmake_clean_first=False, cmake_force_configure=False, cmake_target=None, cmake_target_skip_unavailable=False, continue_on_error=False, event_handlers=None, executor='parallel', ignore_user_meta=False, install_base='install', log_base=None, log_level=None, main=<bound method BuildVerb.main of <colcon_core.verb.build.BuildVerb object at 0x7fdc0ffcd7c0>>, merge_install=False, metas=['./colcon.meta'], packages_above=None, packages_above_and_dependencies=None, packages_above_depth=None, packages_end=None, packages_ignore=None, packages_ignore_regex=None, packages_select=None, packages_select_build_failed=False, packages_select_by_dep=None, packages_select_regex=None, packages_select_test_failures=False, packages_skip=None, packages_skip_build_finished=False, packages_skip_by_dep=None, packages_skip_regex=None, packages_skip_test_passed=False, packages_skip_up_to=None, packages_start=None, packages_up_to=None, packages_up_to_regex=None, parallel_workers=16, paths=None, symlink_install=True, test_result_base=None, verb_extension=<colcon_core.verb.build.BuildVerb object at 0x7fdc0ffcd7c0>, verb_name='build', verb_parser=<colcon_defaults.argument_parser.defaults.DefaultArgumentsDecorator object at 0x7fdc0ffcdd30>)
[0.096s] Level 1:colcon.colcon_core.package_discovery:discover_packages(colcon_meta) check parameters
[0.096s] Level 1:colcon.colcon_core.package_discovery:discover_packages(recursive) check parameters
[0.096s] Level 1:colcon.colcon_core.package_discovery:discover_packages(ignore) check parameters
[0.096s] Level 1:colcon.colcon_core.package_discovery:discover_packages(path) check parameters
[0.096s] Level 1:colcon.colcon_core.package_discovery:discover_packages(colcon_meta) discover
[0.096s] Level 1:colcon.colcon_core.package_discovery:discover_packages(recursive) discover
[0.096s] INFO:colcon.colcon_core.package_discovery:Crawling recursively for packages in '/home/sezer/CONSOLE/ros2_console'
[0.096s] Level 1:colcon.colcon_core.package_identification:_identify(.) by extensions ['ignore', 'ignore_ament_install']
[0.096s] Level 1:colcon.colcon_core.package_identification:_identify(.) by extension 'ignore'
[0.096s] Level 1:colcon.colcon_core.package_identification:_identify(.) by extension 'ignore_ament_install'
[0.096s] Level 1:colcon.colcon_core.package_identification:_identify(.) by extensions ['colcon_pkg']
[0.096s] Level 1:colcon.colcon_core.package_identification:_identify(.) by extension 'colcon_pkg'
[0.096s] Level 1:colcon.colcon_core.package_identification:_identify(.) by extensions ['colcon_meta']
[0.096s] Level 1:colcon.colcon_core.package_identification:_identify(.) by extension 'colcon_meta'
[0.096s] Level 1:colcon.colcon_core.package_identification:_identify(.) by extensions ['ros']
[0.097s] Level 1:colcon.colcon_core.package_identification:_identify(.) by extension 'ros'
[0.104s] Level 1:colcon.colcon_core.package_identification:_identify(.) by extensions ['cmake', 'python']
[0.104s] Level 1:colcon.colcon_core.package_identification:_identify(.) by extension 'cmake'
[0.104s] Level 1:colcon.colcon_core.package_identification:_identify(.) by extension 'python'
[0.104s] Level 1:colcon.colcon_core.package_identification:_identify(.) by extensions ['python_setup_py']
[0.104s] Level 1:colcon.colcon_core.package_identification:_identify(.) by extension 'python_setup_py'
[0.104s] Level 1:colcon.colcon_core.package_identification:_identify(build) by extensions ['ignore', 'ignore_ament_install']
[0.104s] Level 1:colcon.colcon_core.package_identification:_identify(build) by extension 'ignore'
[0.104s] Level 1:colcon.colcon_core.package_identification:_identify(build) ignored
[0.104s] Level 1:colcon.colcon_core.package_identification:_identify(install) by extensions ['ignore', 'ignore_ament_install']
[0.104s] Level 1:colcon.colcon_core.package_identification:_identify(install) by extension 'ignore'
[0.104s] Level 1:colcon.colcon_core.package_identification:_identify(install) ignored
[0.104s] Level 1:colcon.colcon_core.package_identification:_identify(log) by extensions ['ignore', 'ignore_ament_install']
[0.105s] Level 1:colcon.colcon_core.package_identification:_identify(log) by extension 'ignore'
[0.105s] Level 1:colcon.colcon_core.package_identification:_identify(log) ignored
[0.105s] Level 1:colcon.colcon_core.package_identification:_identify(src) by extensions ['ignore', 'ignore_ament_install']
[0.105s] Level 1:colcon.colcon_core.package_identification:_identify(src) by extension 'ignore'
[0.105s] Level 1:colcon.colcon_core.package_identification:_identify(src) by extension 'ignore_ament_install'
[0.105s] Level 1:colcon.colcon_core.package_identification:_identify(src) by extensions ['colcon_pkg']
[0.105s] Level 1:colcon.colcon_core.package_identification:_identify(src) by extension 'colcon_pkg'
[0.105s] Level 1:colcon.colcon_core.package_identification:_identify(src) by extensions ['colcon_meta']
[0.105s] Level 1:colcon.colcon_core.package_identification:_identify(src) by extension 'colcon_meta'
[0.105s] Level 1:colcon.colcon_core.package_identification:_identify(src) by extensions ['ros']
[0.105s] Level 1:colcon.colcon_core.package_identification:_identify(src) by extension 'ros'
[0.105s] Level 1:colcon.colcon_core.package_identification:_identify(src) by extensions ['cmake', 'python']
[0.105s] Level 1:colcon.colcon_core.package_identification:_identify(src) by extension 'cmake'
[0.105s] Level 1:colcon.colcon_core.package_identification:_identify(src) by extension 'python'
[0.105s] Level 1:colcon.colcon_core.package_identification:_identify(src) by extensions ['python_setup_py']
[0.105s] Level 1:colcon.colcon_core.package_identification:_identify(src) by extension 'python_setup_py'
[0.105s] Level 1:colcon.colcon_core.package_identification:_identify(src/fener_console) by extensions ['ignore', 'ignore_ament_install']
[0.105s] Level 1:colcon.colcon_core.package_identification:_identify(src/fener_console) by extension 'ignore'
[0.105s] Level 1:colcon.colcon_core.package_identification:_identify(src/fener_console) by extension 'ignore_ament_install'
[0.105s] Level 1:colcon.colcon_core.package_identification:_identify(src/fener_console) by extensions ['colcon_pkg']
[0.105s] Level 1:colcon.colcon_core.package_identification:_identify(src/fener_console) by extension 'colcon_pkg'
[0.105s] Level 1:colcon.colcon_core.package_identification:_identify(src/fener_console) by extensions ['colcon_meta']
[0.105s] Level 1:colcon.colcon_core.package_identification:_identify(src/fener_console) by extension 'colcon_meta'
[0.105s] Level 1:colcon.colcon_core.package_identification:_identify(src/fener_console) by extensions ['ros']
[0.105s] Level 1:colcon.colcon_core.package_identification:_identify(src/fener_console) by extension 'ros'
[0.107s] DEBUG:colcon.colcon_core.package_identification:Package 'src/fener_console' with type 'ros.ament_python' and name 'fener_console'
[0.107s] Level 1:colcon.colcon_core.package_discovery:discover_packages(recursive) using defaults
[0.107s] Level 1:colcon.colcon_core.package_discovery:discover_packages(ignore) discover
[0.107s] Level 1:colcon.colcon_core.package_discovery:discover_packages(ignore) using defaults
[0.107s] Level 1:colcon.colcon_core.package_discovery:discover_packages(path) discover
[0.107s] Level 1:colcon.colcon_core.package_discovery:discover_packages(path) using defaults
[0.118s] Level 5:colcon.colcon_core.verb:set package 'fener_console' build argument 'cmake_args' from command line to 'None'
[0.118s] Level 5:colcon.colcon_core.verb:set package 'fener_console' build argument 'cmake_target' from command line to 'None'
[0.118s] Level 5:colcon.colcon_core.verb:set package 'fener_console' build argument 'cmake_target_skip_unavailable' from command line to 'False'
[0.118s] Level 5:colcon.colcon_core.verb:set package 'fener_console' build argument 'cmake_clean_cache' from command line to 'False'
[0.118s] Level 5:colcon.colcon_core.verb:set package 'fener_console' build argument 'cmake_clean_first' from command line to 'False'
[0.118s] Level 5:colcon.colcon_core.verb:set package 'fener_console' build argument 'cmake_force_configure' from command line to 'False'
[0.118s] Level 5:colcon.colcon_core.verb:set package 'fener_console' build argument 'ament_cmake_args' from command line to 'None'
[0.118s] Level 5:colcon.colcon_core.verb:set package 'fener_console' build argument 'catkin_cmake_args' from command line to 'None'
[0.118s] Level 5:colcon.colcon_core.verb:set package 'fener_console' build argument 'catkin_skip_building_tests' from command line to 'False'
[0.119s] DEBUG:colcon.colcon_core.verb:Building package 'fener_console' with the following arguments: {'ament_cmake_args': None, 'build_base': '/home/sezer/CONSOLE/ros2_console/build/fener_console', 'catkin_cmake_args': None, 'catkin_skip_building_tests': False, 'cmake_args': None, 'cmake_clean_cache': False, 'cmake_clean_first': False, 'cmake_force_configure': False, 'cmake_target': None, 'cmake_target_skip_unavailable': False, 'install_base': '/home/sezer/CONSOLE/ros2_console/install/fener_console', 'merge_install': False, 'path': '/home/sezer/CONSOLE/ros2_console/src/fener_console', 'symlink_install': True, 'test_result_base': None}
[0.121s] INFO:colcon.colcon_core.executor:Executing jobs using 'parallel' executor
[0.122s] DEBUG:colcon.colcon_parallel_executor.executor.parallel:run_until_complete
[0.122s] INFO:colcon.colcon_ros.task.ament_python.build:Building ROS package in '/home/sezer/CONSOLE/ros2_console/src/fener_console' with build type 'ament_python'
[0.122s] Level 1:colcon.colcon_core.shell:create_environment_hook('fener_console', 'ament_prefix_path')
[0.125s] INFO:colcon.colcon_core.plugin_system:Skipping extension 'colcon_core.shell.bat': Not used on non-Windows systems
[0.125s] INFO:colcon.colcon_core.shell:Creating environment hook '/home/sezer/CONSOLE/ros2_console/install/fener_console/share/fener_console/hook/ament_prefix_path.ps1'
[0.125s] INFO:colcon.colcon_core.shell:Creating environment descriptor '/home/sezer/CONSOLE/ros2_console/install/fener_console/share/fener_console/hook/ament_prefix_path.dsv'
[0.125s] INFO:colcon.colcon_core.shell:Creating environment hook '/home/sezer/CONSOLE/ros2_console/install/fener_console/share/fener_console/hook/ament_prefix_path.sh'
[0.126s] INFO:colcon.colcon_core.shell:Skip shell extension 'powershell' for command environment: Not usable outside of PowerShell
[0.126s] DEBUG:colcon.colcon_core.shell:Skip shell extension 'dsv' for command environment
[0.285s] INFO:colcon.colcon_core.task.python.build:Building Python package in '/home/sezer/CONSOLE/ros2_console/src/fener_console'
[0.286s] INFO:colcon.colcon_core.shell:Skip shell extension 'powershell' for command environment: Not usable outside of PowerShell
[0.286s] DEBUG:colcon.colcon_core.shell:Skip shell extension 'dsv' for command environment
[0.595s] DEBUG:colcon.colcon_core.task.python.build:While undoing a previous installation files outside the Python library path are being ignored: /home/sezer/CONSOLE/ros2_console/install/fener_console/share/ament_index/resource_index/packages/fener_console
[0.595s] DEBUG:colcon.colcon_core.task.python.build:While undoing a previous installation files outside the Python library path are being ignored: /home/sezer/CONSOLE/ros2_console/install/fener_console/share/fener_console/package.xml
[0.596s] DEBUG:colcon.colcon_core.task.python.build:While undoing a previous installation files outside the Python library path are being ignored: /home/sezer/CONSOLE/ros2_console/install/fener_console/share/fener_console/launch
[0.596s] DEBUG:colcon.colcon_core.task.python.build:While undoing a previous installation files outside the Python library path are being ignored: /home/sezer/CONSOLE/ros2_console/install/fener_console/share/fener_console/config/params.yaml
[0.596s] DEBUG:colcon.colcon_core.task.python.build:While undoing a previous installation files outside the Python library path are being ignored: /home/sezer/CONSOLE/ros2_console/install/fener_console/lib/fener_console/driver_keyboard
[0.596s] DEBUG:colcon.colcon_core.task.python.build:While undoing a previous installation files outside the Python library path are being ignored: /home/sezer/CONSOLE/ros2_console/install/fener_console/lib/fener_console/sensor_vis
[0.596s] DEBUG:colcon.colcon_core.task.python.build:While undoing a previous installation files outside the Python library path are being ignored: /home/sezer/CONSOLE/ros2_console/install/fener_console/lib/fener_console/webcam
[0.599s] DEBUG:colcon.colcon_core.event_handler.log_command:Invoking command in '/home/sezer/CONSOLE/ros2_console/build/fener_console': PYTHONPATH=/home/sezer/CONSOLE/ros2_console/install/fener_console/lib/python3.8/site-packages:${PYTHONPATH} /usr/bin/python3 setup.py develop --prefix /home/sezer/CONSOLE/ros2_console/install/fener_console --editable --build-directory /home/sezer/CONSOLE/ros2_console/build/fener_console/build --no-deps install_data --install-dir /home/sezer/CONSOLE/ros2_console/install/fener_console
[0.919s] Level 1:colcon.colcon_core.shell:create_environment_hook('fener_console', 'pythonpath_develop')
[0.919s] INFO:colcon.colcon_core.shell:Creating environment hook '/home/sezer/CONSOLE/ros2_console/build/fener_console/share/fener_console/hook/pythonpath_develop.ps1'
[0.920s] DEBUG:colcon.colcon_core.event_handler.log_command:Invoked command in '/home/sezer/CONSOLE/ros2_console/build/fener_console' returned '0': PYTHONPATH=/home/sezer/CONSOLE/ros2_console/install/fener_console/lib/python3.8/site-packages:${PYTHONPATH} /usr/bin/python3 setup.py develop --prefix /home/sezer/CONSOLE/ros2_console/install/fener_console --editable --build-directory /home/sezer/CONSOLE/ros2_console/build/fener_console/build --no-deps install_data --install-dir /home/sezer/CONSOLE/ros2_console/install/fener_console
[0.920s] INFO:colcon.colcon_core.shell:Creating environment descriptor '/home/sezer/CONSOLE/ros2_console/build/fener_console/share/fener_console/hook/pythonpath_develop.dsv'
[0.920s] INFO:colcon.colcon_core.shell:Creating environment hook '/home/sezer/CONSOLE/ros2_console/build/fener_console/share/fener_console/hook/pythonpath_develop.sh'
[0.923s] Level 1:colcon.colcon_core.environment:checking '/home/sezer/CONSOLE/ros2_console/install/fener_console' for CMake module files
[0.923s] Level 1:colcon.colcon_core.environment:checking '/home/sezer/CONSOLE/ros2_console/install/fener_console' for CMake config files
[0.924s] Level 1:colcon.colcon_core.environment:checking '/home/sezer/CONSOLE/ros2_console/install/fener_console/lib'
[0.924s] Level 1:colcon.colcon_core.environment:checking '/home/sezer/CONSOLE/ros2_console/install/fener_console/bin'
[0.924s] Level 1:colcon.colcon_core.environment:checking '/home/sezer/CONSOLE/ros2_console/install/fener_console/lib/pkgconfig/fener_console.pc'
[0.924s] Level 1:colcon.colcon_core.environment:checking '/home/sezer/CONSOLE/ros2_console/install/fener_console/lib/python3.8/site-packages'
[0.924s] Level 1:colcon.colcon_core.shell:create_environment_hook('fener_console', 'pythonpath')
[0.924s] INFO:colcon.colcon_core.shell:Creating environment hook '/home/sezer/CONSOLE/ros2_console/install/fener_console/share/fener_console/hook/pythonpath.ps1'
[0.925s] INFO:colcon.colcon_core.shell:Creating environment descriptor '/home/sezer/CONSOLE/ros2_console/install/fener_console/share/fener_console/hook/pythonpath.dsv'
[0.925s] INFO:colcon.colcon_core.shell:Creating environment hook '/home/sezer/CONSOLE/ros2_console/install/fener_console/share/fener_console/hook/pythonpath.sh'
[0.925s] Level 1:colcon.colcon_core.environment:create_environment_scripts_only(fener_console)
[0.925s] INFO:colcon.colcon_core.shell:Creating package script '/home/sezer/CONSOLE/ros2_console/install/fener_console/share/fener_console/package.ps1'
[0.926s] INFO:colcon.colcon_core.shell:Creating package descriptor '/home/sezer/CONSOLE/ros2_console/install/fener_console/share/fener_console/package.dsv'
[0.926s] INFO:colcon.colcon_core.shell:Creating package script '/home/sezer/CONSOLE/ros2_console/install/fener_console/share/fener_console/package.sh'
[0.927s] INFO:colcon.colcon_core.shell:Creating package script '/home/sezer/CONSOLE/ros2_console/install/fener_console/share/fener_console/package.bash'
[0.927s] INFO:colcon.colcon_core.shell:Creating package script '/home/sezer/CONSOLE/ros2_console/install/fener_console/share/fener_console/package.zsh'
[0.928s] Level 1:colcon.colcon_core.environment:create_file_with_runtime_dependencies(/home/sezer/CONSOLE/ros2_console/install/fener_console/share/colcon-core/packages/fener_console)
[0.928s] DEBUG:colcon.colcon_parallel_executor.executor.parallel:closing loop
[0.928s] DEBUG:colcon.colcon_parallel_executor.executor.parallel:loop closed
[0.928s] DEBUG:colcon.colcon_parallel_executor.executor.parallel:run_until_complete finished with '0'
[0.928s] DEBUG:colcon.colcon_core.event_reactor:joining thread
[0.932s] INFO:colcon.colcon_core.plugin_system:Skipping extension 'colcon_notification.desktop_notification.terminal_notifier': Not used on non-Darwin systems
[0.932s] INFO:colcon.colcon_core.plugin_system:Skipping extension 'colcon_notification.desktop_notification.win32': Not used on non-Windows systems
[0.932s] INFO:colcon.colcon_notification.desktop_notification:Sending desktop notification using 'notify2'
[0.941s] DEBUG:colcon.colcon_core.event_reactor:joined thread
[0.942s] INFO:colcon.colcon_core.shell:Creating prefix script '/home/sezer/CONSOLE/ros2_console/install/local_setup.ps1'
[0.942s] INFO:colcon.colcon_core.shell:Creating prefix util module '/home/sezer/CONSOLE/ros2_console/install/_local_setup_util_ps1.py'
[0.943s] INFO:colcon.colcon_core.shell:Creating prefix chain script '/home/sezer/CONSOLE/ros2_console/install/setup.ps1'
[0.944s] INFO:colcon.colcon_core.shell:Creating prefix script '/home/sezer/CONSOLE/ros2_console/install/local_setup.sh'
[0.944s] INFO:colcon.colcon_core.shell:Creating prefix util module '/home/sezer/CONSOLE/ros2_console/install/_local_setup_util_sh.py'
[0.944s] INFO:colcon.colcon_core.shell:Creating prefix chain script '/home/sezer/CONSOLE/ros2_console/install/setup.sh'
[0.945s] INFO:colcon.colcon_core.shell:Creating prefix script '/home/sezer/CONSOLE/ros2_console/install/local_setup.bash'
[0.945s] INFO:colcon.colcon_core.shell:Creating prefix chain script '/home/sezer/CONSOLE/ros2_console/install/setup.bash'
[0.946s] INFO:colcon.colcon_core.shell:Creating prefix script '/home/sezer/CONSOLE/ros2_console/install/local_setup.zsh'
[0.946s] INFO:colcon.colcon_core.shell:Creating prefix chain script '/home/sezer/CONSOLE/ros2_console/install/setup.zsh'
