running develop
Removing /home/sezer/CONSOLE/ros2_console/install/fener_console/lib/python3.8/site-packages/fener-console.egg-link (link to .)
running egg_info
writing ../../build/fener_console/fener_console.egg-info/PKG-INFO
writing dependency_links to ../../build/fener_console/fener_console.egg-info/dependency_links.txt
writing entry points to ../../build/fener_console/fener_console.egg-info/entry_points.txt
writing requirements to ../../build/fener_console/fener_console.egg-info/requires.txt
writing top-level names to ../../build/fener_console/fener_console.egg-info/top_level.txt
reading manifest file '../../build/fener_console/fener_console.egg-info/SOURCES.txt'
writing manifest file '../../build/fener_console/fener_console.egg-info/SOURCES.txt'
running build
running build_py
running install
running install_lib
creating /home/sezer/CONSOLE/ros2_console/install/fener_console/lib/python3.8/site-packages/fener_console
copying /home/sezer/CONSOLE/ros2_console/build/fener_console/build/lib/fener_console/bno055_lidar_vis.py -> /home/sezer/CONSOLE/ros2_console/install/fener_console/lib/python3.8/site-packages/fener_console
copying /home/sezer/CONSOLE/ros2_console/build/fener_console/build/lib/fener_console/webcam_publisher.py -> /home/sezer/CONSOLE/ros2_console/install/fener_console/lib/python3.8/site-packages/fener_console
copying /home/sezer/CONSOLE/ros2_console/build/fener_console/build/lib/fener_console/__init__.py -> /home/sezer/CONSOLE/ros2_console/install/fener_console/lib/python3.8/site-packages/fener_console
copying /home/sezer/CONSOLE/ros2_console/build/fener_console/build/lib/fener_console/driver_keyboard.py -> /home/sezer/CONSOLE/ros2_console/install/fener_console/lib/python3.8/site-packages/fener_console
byte-compiling /home/sezer/CONSOLE/ros2_console/install/fener_console/lib/python3.8/site-packages/fener_console/bno055_lidar_vis.py to bno055_lidar_vis.cpython-38.pyc
byte-compiling /home/sezer/CONSOLE/ros2_console/install/fener_console/lib/python3.8/site-packages/fener_console/webcam_publisher.py to webcam_publisher.cpython-38.pyc
byte-compiling /home/sezer/CONSOLE/ros2_console/install/fener_console/lib/python3.8/site-packages/fener_console/__init__.py to __init__.cpython-38.pyc
byte-compiling /home/sezer/CONSOLE/ros2_console/install/fener_console/lib/python3.8/site-packages/fener_console/driver_keyboard.py to driver_keyboard.cpython-38.pyc
running install_data
copying config/params.yaml -> /home/sezer/CONSOLE/ros2_console/install/fener_console/share/fener_console/config
running install_egg_info
Copying ../../build/fener_console/fener_console.egg-info to /home/sezer/CONSOLE/ros2_console/install/fener_console/lib/python3.8/site-packages/fener_console-0.0.0-py3.8.egg-info
running install_scripts
Installing driver_keyboard script to /home/sezer/CONSOLE/ros2_console/install/fener_console/lib/fener_console
Installing sensor_vis script to /home/sezer/CONSOLE/ros2_console/install/fener_console/lib/fener_console
Installing webcam script to /home/sezer/CONSOLE/ros2_console/install/fener_console/lib/fener_console
writing list of installed files to '/home/sezer/CONSOLE/ros2_console/build/fener_console/install.log'
